2025-10-23T20:42:40.457Z expo:env /expo-project/.env does not exist, skipping this env file
2025-10-23T20:42:40.457Z expo:env /expo-project/.env.development does not exist, skipping this env file
2025-10-23T20:42:40.458Z expo:env /expo-project/.env.local does not exist, skipping this env file
2025-10-23T20:42:40.458Z expo:env /expo-project/.env.development.local does not exist, skipping this env file
Starting project at /expo-project
2025-10-23T20:42:40.606Z expo:utils:fileNotifier Observing /expo-project/babel.config.js
2025-10-23T20:42:40.736Z expo:start:server:devServer Stopping dev server (bundler: metro)
2025-10-23T20:42:40.737Z expo:start:server:devServer Stopped dev server (bundler: metro)
2025-10-23T20:42:40.751Z expo:start:server:metro:router Using app as the root directory for Expo Router.
2025-10-23T20:42:41.119Z expo:metro:config react-native-reanimated package.json: /expo-project/node_modules/react-native-reanimated/package.json
2025-10-23T20:42:41.120Z expo:metro:config react-native-worklets package.json: /expo-project/node_modules/react-native-worklets/package.json

Expo Metro config:
- Version: 54.0.7
- Extensions: ts, tsx, mjs, js, jsx, json, cjs, scss, sass, css
- React Native: /expo-project/node_modules/react-native
- Watch Folders: 
- Node Module Paths: 
- Sass: null
- Reanimated: 4.1.3
- Worklets: 0.5.1
- Babel Runtime: null

2025-10-23T20:42:41.358Z expo:metro:withMetroResolvers Appending 8 custom resolvers to Metro config. (has custom resolver: false)
2025-10-23T20:42:41.433Z expo:start:server:urlCreator URL: http://127.0.0.1:8081
Starting Metro Bundler
2025-10-23T20:42:41.532Z expo:start:server:middleware:serveStatic Serving static files from: /expo-project/public
2025-10-23T20:42:41.532Z expo:start:server:devServer [tunnel] connect to port: 8081
2025-10-23T20:42:41.665Z expo:start:platforms:android:adbServer /usr/lib/android-sdk/platform-tools/adb devices -l
2025-10-23T20:42:41.676Z expo:start:server:ngrok Stopping Tunnel
2025-10-23T20:42:41.677Z expo:start:server:ngrok Global config path: /root/.expo/ngrok.yml
2025-10-23T20:42:41.682Z expo:start:server:ngrok Resetting project randomness: BfbPTXs
2025-10-23T20:42:41.683Z expo:start:server:ngrok Hostname: BfbPTXs-anonymous-8081.exp.direct
Tunnel connected.
2025-10-23T20:42:42.168Z expo:start:server:ngrok Tunnel URL: https://bfbptxs-anonymous-8081.exp.direct
Tunnel ready.
2025-10-23T20:42:42.169Z expo:start:server:urlCreator URL: exp://bfbptxs-anonymous-8081.exp.direct
2025-10-23T20:42:42.176Z expo:start:server:developmentSession Development session will not ping because the user is not authenticated and there are no devices.
2025-10-23T20:42:42.176Z expo:utils:fileNotifier Observing /expo-project/metro.config.js
2025-10-23T20:42:42.177Z expo:start:server:metro:waitForTypescript Watching file changes: [
  '/expo-project/.env.development.local',
  '/expo-project/.env.local',
  '/expo-project/.env.development',
  '/expo-project/.env'
]
2025-10-23T20:42:42.177Z expo:doctor:typescriptSupport Ensuring TypeScript support is setup
2025-10-23T20:42:42.182Z expo:doctor:dependencies:getMissingPackages Required package "typescript" found (no version constraint specified).
2025-10-23T20:42:42.182Z expo:doctor:dependencies:getMissingPackages Required package "@types/react" found (no version constraint specified).
2025-10-23T20:42:42.184Z expo:typed-routes Ensuring typed routes side-effects are setup (experiments.typedRoutes: true, typesDirectory: /expo-project/.expo/types)
2025-10-23T20:42:42.186Z expo:start:server:metro:router Using app as the root directory for Expo Router.
2025-10-23T20:42:42.200Z expo:start:server:metro:metroWatchTypeScriptFiles Waiting for TypeScript files to be added to the project...
2025-10-23T20:42:42.201Z expo:doctor:dependencies:bundledNativeModules Fetching bundled native modules from the server...
2025-10-23T20:42:42.530Z expo:doctor:dependencies:validate Checking dependencies for 54.0.0: {
  '@babel/plugin-proposal-export-namespace-from': '^7.18.9',
  '@babel/runtime': '^7.26.9',
  '@bacons/apple-targets': '^3.0.2',
  '@expo/metro-runtime': '~6.1.1',
  '@expo/ngrok': '^4.1.3',
  '@expo/vector-icons': '^15.0.2',
  '@react-native-async-storage/async-storage': '^2.2.0',
  '@react-native-community/datetimepicker': '^8.3.0',
  '@react-native-picker/picker': '^2.11.4',
  '@react-navigation/drawer': '^7.1.1',
  '@react-navigation/native': '^7.0.14',
  '@react-navigation/native-stack': '^7.2.0',
  '@types/difflib': '^0.2.7',
  difflib: '^0.2.4',
  eas: '^0.1.0',
  expo: '~54.0.1',
  'expo-blur': '^15.0.6',
  'expo-constants': '~18.0.8',
  'expo-font': '^14.0.7',
  'expo-glass-effect': '^0.1.1',
  'expo-haptics': '^15.0.6',
  'expo-image-picker': '^17.0.7',
  'expo-linear-gradient': '^15.0.6',
  'expo-linking': '^8.0.7',
  'expo-network': '^8.0.7',
  'expo-notifications': '^0.32.12',
  'expo-router': '^6.0.0',
  'expo-splash-screen': '^31.0.8',
  'expo-status-bar': '~3.0.7',
  'expo-symbols': '^1.0.6',
  'expo-system-ui': '^6.0.7',
  'expo-web-browser': '^15.0.6',
  react: '19.1.0',
  'react-dom': '19.1.0',
  'react-native': '0.81.4',
  'react-native-css-interop': '^0.1.22',
  'react-native-edge-to-edge': '^1.7.0',
  'react-native-gesture-handler': '^2.24.0',
  'react-native-maps': '^1.20.1',
  'react-native-reanimated': '~4.1.0',
  'react-native-safe-area-context': '^5.4.0',
  'react-native-screens': '~4.16.0',
  'react-native-url-polyfill': '^2.0.0',
  'react-native-web': '~0.21.1',
  'react-native-webview': '^13.15.0',
  'react-native-worklets': '0.5.1',
  'react-router-dom': '^7.1.3',
  'workbox-cli': '^7.3.0',
  'workbox-precaching': '^7.3.0',
  'workbox-webpack-plugin': '^7.3.0',
  '@babel/core': '^7.20.0',
  '@eslint/js': '^9.19.0',
  '@types/react': '~19.1.12',
  '@typescript-eslint/eslint-plugin': '^6.21.0',
  '@typescript-eslint/parser': '^6.21.0',
  'babel-plugin-module-resolver': '^5.0.2',
  eslint: '^8.57.0',
  'eslint-config-expo': '~10.0.0',
  'eslint-plugin-import': '^2.31.0',
  'eslint-plugin-react': '^7.37.4',
  globals: '^15.14.0',
  typescript: '^5.8.3',
  'webpack-cli': '^6.0.1'
}
2025-10-23T20:42:42.530Z expo:doctor:dependencies:validate Comparing known versions: [
  '@expo/metro-runtime',
  '@expo/vector-icons',
  '@react-native-async-storage/async-storage',
  '@react-native-community/datetimepicker',
  '@react-native-picker/picker',
  'expo',
  'expo-blur',
  'expo-constants',
  'expo-font',
  'expo-glass-effect',
  'expo-haptics',
  'expo-image-picker',
  'expo-linear-gradient',
  'expo-linking',
  'expo-network',
  'expo-notifications',
  'expo-router',
  'expo-splash-screen',
  'expo-status-bar',
  'expo-symbols',
  'expo-system-ui',
  'expo-web-browser',
  'react',
  'react-dom',
  'react-native',
  'react-native-gesture-handler',
  'react-native-maps',
  'react-native-reanimated',
  'react-native-safe-area-context',
  'react-native-screens',
  'react-native-web',
  'react-native-webview',
  'react-native-worklets',
  '@babel/core',
  '@types/react',
  'eslint-config-expo',
  'typescript'
]
2025-10-23T20:42:42.530Z expo:doctor:dependencies:validate Skipping packages that cannot be versioned automatically: [
  '@babel/plugin-proposal-export-namespace-from',
  '@babel/runtime',
  '@bacons/apple-targets',
  '@expo/ngrok',
  '@react-navigation/drawer',
  '@react-navigation/native',
  '@react-navigation/native-stack',
  '@types/difflib',
  'difflib',
  'eas',
  'react-native-css-interop',
  'react-native-edge-to-edge',
  'react-native-url-polyfill',
  'react-router-dom',
  'workbox-cli',
  'workbox-precaching',
  'workbox-webpack-plugin',
  '@eslint/js',
  '@typescript-eslint/eslint-plugin',
  '@typescript-eslint/parser',
  'babel-plugin-module-resolver',
  'eslint',
  'eslint-plugin-import',
  'eslint-plugin-react',
  'globals',
  'webpack-cli'
]
2025-10-23T20:42:42.545Z expo:doctor:dependencies:validate Package versions: {
  '@expo/metro-runtime': '6.1.2',
  '@expo/vector-icons': '15.0.3',
  '@react-native-async-storage/async-storage': '2.2.0',
  '@react-native-community/datetimepicker': '8.4.5',
  '@react-native-picker/picker': '2.11.4',
  expo: '54.0.19',
  'expo-blur': '15.0.7',
  'expo-constants': '18.0.10',
  'expo-font': '14.0.9',
  'expo-glass-effect': '0.1.4',
  'expo-haptics': '15.0.7',
  'expo-image-picker': '17.0.8',
  'expo-linear-gradient': '15.0.7',
  'expo-linking': '8.0.8',
  'expo-network': '8.0.7',
  'expo-notifications': '0.32.12',
  'expo-router': '6.0.13',
  'expo-splash-screen': '31.0.10',
  'expo-status-bar': '3.0.8',
  'expo-symbols': '1.0.7',
  'expo-system-ui': '6.0.8',
  'expo-web-browser': '15.0.8',
  react: '19.1.0',
  'react-dom': '19.1.0',
  'react-native': '0.81.4',
  'react-native-gesture-handler': '2.29.0',
  'react-native-maps': '1.26.18',
  'react-native-reanimated': '4.1.3',
  'react-native-safe-area-context': '5.6.1',
  'react-native-screens': '4.16.0',
  'react-native-web': '0.21.2',
  'react-native-webview': '13.16.0',
  'react-native-worklets': '0.5.1',
  '@babel/core': '7.28.5',
  '@types/react': '19.1.17',
  'eslint-config-expo': '10.0.0',
  typescript: '5.9.3'
}
2025-10-23T20:42:42.548Z expo:doctor:dependencies:validate Incorrect dependencies: [
  {
    packageName: '@react-native-community/datetimepicker',
    packageType: 'dependencies',
    expectedVersionOrRange: '8.4.4',
    actualVersion: '8.4.5'
  },
  {
    packageName: '@react-native-picker/picker',
    packageType: 'dependencies',
    expectedVersionOrRange: '2.11.1',
    actualVersion: '2.11.4'
  },
  {
    packageName: 'react-native',
    packageType: 'dependencies',
    expectedVersionOrRange: '0.81.5',
    actualVersion: '0.81.4'
  },
  {
    packageName: 'react-native-gesture-handler',
    packageType: 'dependencies',
    expectedVersionOrRange: '~2.28.0',
    actualVersion: '2.29.0'
  },
  {
    packageName: 'react-native-maps',
    packageType: 'dependencies',
    expectedVersionOrRange: '1.20.1',
    actualVersion: '1.26.18'
  },
  {
    packageName: 'react-native-webview',
    packageType: 'dependencies',
    expectedVersionOrRange: '13.15.0',
    actualVersion: '13.16.0'
  }
]
The following packages should be updated for best compatibility with the installed expo version:
  @react-native-community/datetimepicker@8.4.5 - expected version: 8.4.4
  @react-native-picker/picker@2.11.4 - expected version: 2.11.1
  react-native@0.81.4 - expected version: 0.81.5
  react-native-gesture-handler@2.29.0 - expected version: ~2.28.0
  react-native-maps@1.26.18 - expected version: 1.20.1
  react-native-webview@13.16.0 - expected version: 13.15.0
Your project may not work correctly until you install the expected versions of the packages.
Waiting on http://localhost:8081
Logs for your project will appear below.
2025-10-23T20:42:43.172Z expo:start:server:middleware:manifest Resolved entry point: index.ts (project root: /expo-project)
2025-10-23T20:42:43.172Z expo:start:server:metro:router Using app as the root directory for Expo Router.
2025-10-23T20:42:43.313Z expo:start:server:middleware:manifest Resolved entry point: index.ts (project root: /expo-project)
2025-10-23T20:42:43.313Z expo:start:server:metro:router Using app as the root directory for Expo Router.
2025-10-23T20:42:43.873Z expo:start:server:middleware:manifest Resolved entry point: index.ts (project root: /expo-project)
2025-10-23T20:42:43.874Z expo:start:server:metro:router Using app as the root directory for Expo Router.
2025-10-23T20:42:46.117Z expo:start:server:middleware:manifest Resolved entry point: index.ts (project root: /expo-project)
2025-10-23T20:42:46.118Z expo:start:server:metro:router Using app as the root directory for Expo Router.
2025-10-23T20:42:52.690Z expo:start:server:metro:multi-platform Enabling alias: react-native-vector-icons -> @expo/vector-icons
2025-10-23T20:42:52.700Z expo:start:server:middleware:manifest Resolved entry point: index.ts (project root: /expo-project)
2025-10-23T20:42:52.700Z expo:start:server:metro:router Using app as the root directory for Expo Router.
Web ./index.ts ░░░░░░░░░░░░░░░░  0.0% (0/1)
| 2025-10-23T20:42:53.807Z expo:babel:exports Found assignment to module.exports or exports at 10
| 2025-10-23T20:42:53.835Z expo:babel:exports Found assignment to module.exports or exports at 36
| 2025-10-23T20:42:53.847Z expo:babel:exports Found assignment to module.exports or exports at 4
2025-10-23T20:42:53.851Z expo:start:server:metro:multi-platform Skipping production module: ./cjs/react-jsx-dev-runtime.production.js
2025-10-23T20:42:53.855Z expo:start:server:metro:multi-platform Skipping production module: ./cjs/react.production.js
| 2025-10-23T20:42:53.847Z expo:babel:router routerEntry /expo-project/node_modules/expo-router/entry.js /expo-project/app ../../app
| 2025-10-23T20:42:53.847Z expo:babel:exports Found assignment to module.exports or exports at 4
| 2025-10-23T20:42:53.886Z expo:babel:exports Found assignment to module.exports or exports at 34
| 2025-10-23T20:42:53.891Z expo:babel:exports Found assignment to module.exports or exports at 6
| 2025-10-23T20:42:53.911Z expo:babel:exports Found assignment to module.exports or exports at 37
| 2025-10-23T20:42:53.990Z expo:babel:exports Found assignment to module.exports or exports at 739
| 2025-10-23T20:42:53.994Z expo:babel:exports Found assignment to module.exports or exports at 37
| 2025-10-23T20:42:54.190Z expo:babel:exports Found assignment to module.exports or exports at 3
| 2025-10-23T20:42:54.192Z expo:babel:exports Found assignment to module.exports or exports at 4
| 2025-10-23T20:42:54.205Z expo:babel:exports Found assignment to module.exports or exports at 3
| 2025-10-23T20:42:54.203Z expo:babel:exports Found assignment to module.exports or exports at 6
| 2025-10-23T20:42:54.206Z expo:babel:exports Found assignment to module.exports or exports at 5
| 2025-10-23T20:42:54.209Z expo:babel:exports Found assignment to module.exports or exports at 40
| 2025-10-23T20:42:54.215Z expo:babel:exports Found assignment to module.exports or exports at 6
| 2025-10-23T20:42:54.235Z expo:babel:exports Found assignment to module.exports or exports at 3
| 2025-10-23T20:42:54.247Z expo:babel:exports Found assignment to module.exports or exports at 8
| 2025-10-23T20:42:54.251Z expo:babel:exports Found assignment to module.exports or exports at 8
| 2025-10-23T20:42:54.262Z expo:babel:exports Found assignment to module.exports or exports at 6
| 2025-10-23T20:42:54.262Z expo:babel:exports Found assignment to module.exports or exports at 6
| 2025-10-23T20:42:54.264Z expo:babel:exports Found assignment to module.exports or exports at 6
| 2025-10-23T20:42:54.265Z expo:babel:router routerEntry /expo-project/node_modules/expo-router/entry.js /expo-project/app ../../app
| 2025-10-23T20:42:54.278Z expo:babel:exports Found assignment to module.exports or exports at 17
| 2025-10-23T20:42:54.411Z expo:babel:exports Found assignment to module.exports or exports at 49
| 2025-10-23T20:42:54.422Z expo:babel:exports Found assignment to module.exports or exports at 3
| 2025-10-23T20:42:54.427Z expo:babel:exports Found assignment to module.exports or exports at 123
| 2025-10-23T20:42:54.565Z expo:babel:exports Found assignment to module.exports or exports at 325
2025-10-23T20:42:54.606Z expo:start:server:metro:multi-platform Redirecting module "/expo-project/node_modules/react-native-web/dist/exports/BackHandler/index.js" to shim
| 2025-10-23T20:42:54.579Z expo:babel:exports Found assignment to module.exports or exports at 3
| 2025-10-23T20:42:54.586Z expo:babel:exports Found assignment to module.exports or exports at 3
| 2025-10-23T20:42:54.595Z expo:babel:exports Found assignment to module.exports or exports at 3
| 2025-10-23T20:42:54.600Z expo:babel:exports Found assignment to module.exports or exports at 6
2025-10-23T20:42:54.676Z expo:start:server:metro:multi-platform Using React Navigation's web modal implementation.
| 2025-10-23T20:42:54.600Z expo:babel:exports Found assignment to module.exports or exports at 3
| 2025-10-23T20:42:54.602Z expo:babel:exports Found assignment to module.exports or exports at 3
| 2025-10-23T20:42:54.605Z expo:babel:exports Found assignment to module.exports or exports at 4
| 2025-10-23T20:42:54.607Z expo:babel:exports Found assignment to module.exports or exports at 3
| 2025-10-23T20:42:54.613Z expo:babel:exports Found assignment to module.exports or exports at 3
| 2025-10-23T20:42:54.615Z expo:babel:exports Found assignment to module.exports or exports at 3
| 2025-10-23T20:42:54.620Z expo:babel:exports Found assignment to module.exports or exports at 40
| 2025-10-23T20:42:54.649Z expo:babel:exports Found assignment to module.exports or exports at 28
| 2025-10-23T20:42:54.645Z expo:babel:exports Found assignment to module.exports or exports at 3
| 2025-10-23T20:42:54.666Z expo:babel:exports Found assignment to module.exports or exports at 6
| 2025-10-23T20:42:54.652Z expo:babel:exports Found assignment to module.exports or exports at 3
| 2025-10-23T20:42:54.666Z expo:babel:exports Found assignment to module.exports or exports at 3
| 2025-10-23T20:42:54.660Z expo:babel:exports Found assignment to module.exports or exports at 3
| 2025-10-23T20:42:54.664Z expo:babel:exports Found assignment to module.exports or exports at 6
| 2025-10-23T20:42:54.666Z expo:babel:exports Found assignment to module.exports or exports at 36
| 2025-10-23T20:42:54.666Z expo:babel:exports Found assignment to module.exports or exports at 3
| 2025-10-23T20:42:54.668Z expo:babel:exports Found assignment to module.exports or exports at 36
| 2025-10-23T20:42:54.678Z expo:babel:exports Found assignment to module.exports or exports at 39
2025-10-23T20:42:54.689Z expo:start:server:metro:multi-platform Skipping production module: ./cjs/react-dom-client.production.js
| 2025-10-23T20:42:54.681Z expo:babel:exports Found assignment to module.exports or exports at 39
| 2025-10-23T20:42:54.683Z expo:babel:exports Found assignment to module.exports or exports at 35
| 2025-10-23T20:42:54.686Z expo:babel:exports Found assignment to module.exports or exports at 6
| 2025-10-23T20:42:54.687Z expo:babel:exports Found assignment to module.exports or exports at 3
| 2025-10-23T20:42:54.694Z expo:babel:exports Found assignment to module.exports or exports at 36
| 2025-10-23T20:42:54.699Z expo:babel:exports Found assignment to module.exports or exports at 3
| 2025-10-23T20:42:54.712Z expo:babel:exports Found assignment to module.exports or exports at 3
| 2025-10-23T20:42:54.720Z expo:babel:exports Found assignment to module.exports or exports at 3
| 2025-10-23T20:42:54.720Z expo:babel:exports Found assignment to module.exports or exports at 7
| 2025-10-23T20:42:54.721Z expo:babel:exports Found assignment to module.exports or exports at 4
| 2025-10-23T20:42:54.750Z expo:babel:exports Found assignment to module.exports or exports at 8
| 2025-10-23T20:42:54.755Z expo:babel:exports Found assignment to module.exports or exports at 14
| 2025-10-23T20:42:54.793Z expo:babel:exports Found assignment to module.exports or exports at 52
2025-10-23T20:42:54.831Z expo:start:server:middleware:manifest Resolved entry point: index.ts (project root: /expo-project)
2025-10-23T20:42:54.831Z expo:start:server:metro:router Using app as the root directory for Expo Router.
| 2025-10-23T20:42:54.795Z expo:babel:exports Found assignment to module.exports or exports at 54
2025-10-23T20:42:55.019Z expo:start:server:metro:multi-platform Redirecting module "/expo-project/node_modules/react-native-web/dist/exports/AppRegistry/AppContainer.js" to shim
| 2025-10-23T20:42:55.031Z expo:babel:exports Found assignment to module.exports or exports at 4
2025-10-23T20:42:55.034Z expo:start:server:metro:multi-platform Skipping production module: ./cjs/react-jsx-runtime.production.js
| 2025-10-23T20:42:55.170Z expo:babel:inline-manifest public manifest {
|   name: 'Natively',
|   slug: 'Natively',
|   version: '1.0.0',
|   orientation: 'portrait',
|   icon: './assets/images/natively-dark.png',
|   userInterfaceStyle: 'automatic',
|   newArchEnabled: true,
|   splash: {
|     image: './assets/images/natively-dark.png',
|     resizeMode: 'contain',
|     backgroundColor: '#000000'
|   },
|   web: {
|     favicon: './assets/images/final_quest_240x240.png',
|     bundler: 'metro',
|     meta: undefined,
|     build: undefined,
|     scope: undefined,
|     crossorigin: undefined,
|     description: undefined,
|     startUrl: undefined,
|     shortName: 'Natively',
|     display: undefined,
|     orientation: 'portrait',
|     dir: undefined,
|     barStyle: undefined,
|     backgroundColor: '#000000',
|     themeColor: undefined,
|     lang: undefined,
|     name: 'Natively'
|   },
|   scheme: 'natively',
|   experiments: { typedRoutes: true },
|   extra: { router: {} },
|   description: undefined,
|   sdkVersion: '54.0.0',
|   platforms: [ 'ios', 'android', 'web' ],
|   primaryColor: undefined
| }
| 2025-10-23T20:42:55.225Z expo:babel:exports Found assignment to module.exports or exports at 3
| 2025-10-23T20:42:55.242Z expo:babel:exports Found assignment to module.exports or exports at 3
| 2025-10-23T20:42:55.249Z expo:babel:exports Found assignment to module.exports or exports at 36
| 2025-10-23T20:42:55.249Z expo:babel:exports Found assignment to module.exports or exports at 3
| 2025-10-23T20:42:55.250Z expo:babel:exports Found assignment to module.exports or exports at 38
| 2025-10-23T20:42:55.250Z expo:babel:exports Found assignment to module.exports or exports at 4
| 2025-10-23T20:42:55.253Z expo:babel:exports Found assignment to module.exports or exports at 36
| 2025-10-23T20:42:55.257Z expo:babel:exports Found assignment to module.exports or exports at 3
| 2025-10-23T20:42:55.260Z expo:babel:exports Found assignment to module.exports or exports at 7
| 2025-10-23T20:42:55.270Z expo:babel:exports Found assignment to module.exports or exports at 3
| 2025-10-23T20:42:55.273Z expo:babel:exports Found assignment to module.exports or exports at 51
| 2025-10-23T20:42:55.273Z expo:babel:exports Found assignment to module.exports or exports at 7
| 2025-10-23T20:42:55.273Z expo:babel:exports Found assignment to module.exports or exports at 36
| 2025-10-23T20:42:55.276Z expo:babel:exports Found assignment to module.exports or exports at 4
| 2025-10-23T20:42:55.279Z expo:babel:exports Found assignment to module.exports or exports at 37
| 2025-10-23T20:42:55.283Z expo:babel:exports Found assignment to module.exports or exports at 4
| 2025-10-23T20:42:55.284Z expo:babel:exports Found assignment to module.exports or exports at 6
| 2025-10-23T20:42:55.286Z expo:babel:exports Found assignment to module.exports or exports at 7
| 2025-10-23T20:42:55.290Z expo:babel:exports Found assignment to module.exports or exports at 40
| 2025-10-23T20:42:55.290Z expo:babel:exports Found assignment to module.exports or exports at 37
| 2025-10-23T20:42:55.303Z expo:babel:exports Found assignment to module.exports or exports at 36
| 2025-10-23T20:42:55.304Z expo:babel:exports Found assignment to module.exports or exports at 3
| 2025-10-23T20:42:55.305Z expo:babel:exports Found assignment to module.exports or exports at 36
| 2025-10-23T20:42:55.316Z expo:babel:exports Found assignment to module.exports or exports at 4
| 2025-10-23T20:42:55.320Z expo:babel:exports Found assignment to module.exports or exports at 37
| 2025-10-23T20:42:55.352Z expo:babel:exports Found assignment to module.exports or exports at 3
| 2025-10-23T20:42:55.356Z expo:babel:exports Found assignment to module.exports or exports at 3
| 2025-10-23T20:42:55.365Z expo:babel:exports Found assignment to module.exports or exports at 12
| 2025-10-23T20:42:55.395Z expo:babel:exports Found assignment to module.exports or exports at 28
| 2025-10-23T20:42:55.397Z expo:babel:exports Found assignment to module.exports or exports at 38
| 2025-10-23T20:42:55.438Z expo:babel:exports Found assignment to module.exports or exports at 103
| 2025-10-23T20:42:55.731Z expo:babel:exports Found assignment to module.exports or exports at 325
2025-10-23T20:42:55.761Z expo:start:server:metro:multi-platform Skipping production module: ./cjs/react-is.production.js
| 2025-10-23T20:42:55.759Z expo:babel:exports Found assignment to module.exports or exports at 4
| 2025-10-23T20:42:55.765Z expo:babel:exports Found assignment to module.exports or exports at 360
| 2025-10-23T20:42:55.770Z expo:babel:exports Found assignment to module.exports or exports at 4
| 2025-10-23T20:42:55.800Z expo:babel:exports Found assignment to module.exports or exports at 461
| 2025-10-23T20:42:55.841Z expo:babel:exports Found assignment to module.exports or exports at 1
| 2025-10-23T20:42:55.858Z expo:babel:exports Found assignment to module.exports or exports at 3
| 2025-10-23T20:42:55.858Z expo:babel:exports Found assignment to module.exports or exports at 7
| 2025-10-23T20:42:55.861Z expo:babel:exports Found assignment to module.exports or exports at 3
| 2025-10-23T20:42:55.862Z expo:babel:exports Found assignment to module.exports or exports at 4
| 2025-10-23T20:42:55.862Z expo:babel:exports Found assignment to module.exports or exports at 7
| 2025-10-23T20:42:55.866Z expo:babel:exports Found assignment to module.exports or exports at 9
| 2025-10-23T20:42:55.871Z expo:babel:exports Found assignment to module.exports or exports at 3
| 2025-10-23T20:42:55.874Z expo:babel:exports Found assignment to module.exports or exports at 40
| 2025-10-23T20:42:55.875Z expo:babel:exports Found assignment to module.exports or exports at 4
| 2025-10-23T20:42:55.876Z expo:babel:exports Found assignment to module.exports or exports at 4
| 2025-10-23T20:42:55.877Z expo:babel:exports Found assignment to module.exports or exports at 37
| 2025-10-23T20:42:55.879Z expo:babel:exports Found assignment to module.exports or exports at 3
| 2025-10-23T20:42:55.882Z expo:babel:exports Found assignment to module.exports or exports at 39
| 2025-10-23T20:42:55.882Z expo:babel:exports Found assignment to module.exports or exports at 4
| 2025-10-23T20:42:55.889Z expo:babel:exports Found assignment to module.exports or exports at 3
| 2025-10-23T20:42:55.894Z expo:babel:exports Found assignment to module.exports or exports at 4
| 2025-10-23T20:42:55.942Z expo:babel:exports Found assignment to module.exports or exports at 48
| 2025-10-23T20:42:55.943Z expo:babel:exports Found assignment to module.exports or exports at 1
| 2025-10-23T20:42:55.946Z expo:babel:exports Found assignment to module.exports or exports at 48
| 2025-10-23T20:42:55.950Z expo:babel:exports Found assignment to module.exports or exports at 15
| 2025-10-23T20:42:55.996Z expo:babel:exports Found assignment to module.exports or exports at 6
2025-10-23T20:42:56.023Z expo:start:server:metro:multi-platform Skipping production module: ./cjs/react-is.production.min.js
| 2025-10-23T20:42:56.008Z expo:babel:exports Found assignment to module.exports or exports at 4
| 2025-10-23T20:42:56.011Z expo:babel:exports Found assignment to module.exports or exports at 8
| 2025-10-23T20:42:56.042Z expo:babel:exports Found assignment to module.exports or exports at 18
| 2025-10-23T20:42:56.089Z expo:babel:exports Found assignment to module.exports or exports at 140
Web ./index.ts ▓▓▓▓▓▓▓▓▓▓░░░░░░ 67.8% (822/998)
| 2025-10-23T20:42:56.318Z expo:babel:exports Found assignment to module.exports or exports at 59
| 2025-10-23T20:42:56.322Z expo:babel:exports Found assignment to module.exports or exports at 22
| 2025-10-23T20:42:56.330Z expo:babel:exports Found assignment to module.exports or exports at 2
| 2025-10-23T20:42:56.331Z expo:babel:exports Found assignment to module.exports or exports at 3
| 2025-10-23T20:42:56.334Z expo:babel:exports Found assignment to module.exports or exports at 80
| 2025-10-23T20:42:56.335Z expo:babel:exports Found assignment to module.exports or exports at 28
| 2025-10-23T20:42:56.336Z expo:babel:exports Found assignment to module.exports or exports at 2
| 2025-10-23T20:42:56.373Z expo:babel:exports Found assignment to module.exports or exports at 24876
2025-10-23T20:42:56.384Z expo:start:server:metro:multi-platform Skipping production module: ./cjs/react-dom.production.js
| 2025-10-23T20:42:56.381Z expo:babel:exports Found assignment to module.exports or exports at 35
| 2025-10-23T20:42:56.409Z expo:babel:exports Found assignment to module.exports or exports at 4
| 2025-10-23T20:42:56.409Z expo:babel:exports Found assignment to module.exports or exports at 3
| 2025-10-23T20:42:56.410Z expo:babel:exports Found assignment to module.exports or exports at 3
| 2025-10-23T20:42:56.413Z expo:babel:exports Found assignment to module.exports or exports at 3
| 2025-10-23T20:42:56.416Z expo:babel:exports Found assignment to module.exports or exports at 39
| 2025-10-23T20:42:56.422Z expo:babel:exports Found assignment to module.exports or exports at 6
| 2025-10-23T20:42:56.424Z expo:babel:exports Found assignment to module.exports or exports at 3
| 2025-10-23T20:42:56.424Z expo:babel:exports Found assignment to module.exports or exports at 3
| 2025-10-23T20:42:56.426Z expo:babel:exports Found assignment to module.exports or exports at 36
| 2025-10-23T20:42:56.427Z expo:babel:exports Found assignment to module.exports or exports at 4
| 2025-10-23T20:42:56.442Z expo:babel:exports Found assignment to module.exports or exports at 154
| 2025-10-23T20:42:56.451Z expo:babel:exports Found assignment to module.exports or exports at 625
| 2025-10-23T20:42:56.522Z expo:babel:exports Found assignment to module.exports or exports at 12
| 2025-10-23T20:42:56.525Z expo:babel:exports Found assignment to module.exports or exports at 6
| 2025-10-23T20:42:56.528Z expo:babel:exports Found assignment to module.exports or exports at 6
| 2025-10-23T20:42:56.530Z expo:babel:exports Found assignment to module.exports or exports at 6
| 2025-10-23T20:42:56.531Z expo:babel:exports Found assignment to module.exports or exports at 6
| 2025-10-23T20:42:56.543Z expo:babel:exports Found assignment to module.exports or exports at 6
| 2025-10-23T20:42:56.543Z expo:babel:exports Found assignment to module.exports or exports at 6
| 2025-10-23T20:42:56.540Z expo:babel:exports Found assignment to module.exports or exports at 6
| 2025-10-23T20:42:56.545Z expo:babel:exports Found assignment to module.exports or exports at 6
| 2025-10-23T20:42:56.545Z expo:babel:exports Found assignment to module.exports or exports at 6
| 2025-10-23T20:42:56.554Z expo:babel:exports Found assignment to module.exports or exports at 6
| 2025-10-23T20:42:56.560Z expo:babel:exports Found assignment to module.exports or exports at 4
2025-10-23T20:42:56.575Z expo:start:server:metro:multi-platform Skipping production module: ./cjs/react-refresh-runtime.production.min.js
| 2025-10-23T20:42:56.566Z expo:babel:exports Found assignment to module.exports or exports at 152
| 2025-10-23T20:42:56.583Z expo:babel:exports Found assignment to module.exports or exports at 74
| 2025-10-23T20:42:56.623Z expo:babel:exports Found assignment to module.exports or exports at 1
| 2025-10-23T20:42:56.640Z expo:babel:exports Found assignment to module.exports or exports at 6
| 2025-10-23T20:42:56.672Z expo:babel:exports Found assignment to module.exports or exports at 117
| 2025-10-23T20:42:56.683Z expo:babel:exports Found assignment to module.exports or exports at 3
| 2025-10-23T20:42:56.687Z expo:babel:exports Found assignment to module.exports or exports at 36
| 2025-10-23T20:42:56.693Z expo:babel:exports Found assignment to module.exports or exports at 3
| 2025-10-23T20:42:56.696Z expo:babel:exports Found assignment to module.exports or exports at 20
| 2025-10-23T20:42:56.728Z expo:babel:exports Found assignment to module.exports or exports at 6
| 2025-10-23T20:42:56.734Z expo:babel:exports Found assignment to module.exports or exports at 6
| 2025-10-23T20:42:56.736Z expo:babel:exports Found assignment to module.exports or exports at 6
| 2025-10-23T20:42:56.754Z expo:babel:exports Found assignment to module.exports or exports at 63
| 2025-10-23T20:42:56.761Z expo:babel:exports Found assignment to module.exports or exports at 645
| 2025-10-23T20:42:56.772Z expo:babel:exports Found assignment to module.exports or exports at 171
| 2025-10-23T20:42:56.773Z expo:babel:exports Found assignment to module.exports or exports at 44
| 2025-10-23T20:42:56.775Z expo:babel:exports Found assignment to module.exports or exports at 9
| 2025-10-23T20:42:56.775Z expo:babel:exports Found assignment to module.exports or exports at 5
| 2025-10-23T20:42:56.797Z expo:babel:exports Found assignment to module.exports or exports at 445
| 2025-10-23T20:42:56.798Z expo:babel:exports Found assignment to module.exports or exports at 33
| 2025-10-23T20:42:56.809Z expo:babel:exports Found assignment to module.exports or exports at 572
| 2025-10-23T20:42:56.820Z expo:babel:exports Found assignment to module.exports or exports at 160
| 2025-10-23T20:42:56.849Z expo:babel:exports Found assignment to module.exports or exports at 6
| 2025-10-23T20:42:56.849Z expo:babel:exports Found assignment to module.exports or exports at 6
| 2025-10-23T20:42:56.854Z expo:babel:exports Found assignment to module.exports or exports at 6
| 2025-10-23T20:42:56.856Z expo:babel:exports Found assignment to module.exports or exports at 6
| 2025-10-23T20:42:56.861Z expo:babel:exports Found assignment to module.exports or exports at 6
| 2025-10-23T20:42:56.863Z expo:babel:exports Found assignment to module.exports or exports at 6
| 2025-10-23T20:42:56.863Z expo:babel:exports Found assignment to module.exports or exports at 6
| 2025-10-23T20:42:56.935Z expo:babel:exports Found assignment to module.exports or exports at 496
2025-10-23T20:42:56.978Z expo:start:server:middleware:manifest Resolved entry point: index.ts (project root: /expo-project)
2025-10-23T20:42:56.978Z expo:start:server:metro:router Using app as the root directory for Expo Router.
| 2025-10-23T20:42:56.946Z expo:babel:exports Found assignment to module.exports or exports at 12
| 2025-10-23T20:42:56.949Z expo:babel:exports Found assignment to module.exports or exports at 8
| 2025-10-23T20:42:56.952Z expo:babel:exports Found assignment to module.exports or exports at 7
| 2025-10-23T20:42:56.955Z expo:babel:exports Found assignment to module.exports or exports at 13
| 2025-10-23T20:42:56.955Z expo:babel:exports Found assignment to module.exports or exports at 10
| 2025-10-23T20:42:56.975Z expo:babel:exports Found assignment to module.exports or exports at 297
| 2025-10-23T20:42:56.978Z expo:babel:exports Found assignment to module.exports or exports at 1
| 2025-10-23T20:42:56.980Z expo:babel:exports Found assignment to module.exports or exports at 3
| 2025-10-23T20:42:56.980Z expo:babel:exports Found assignment to module.exports or exports at 18
| 2025-10-23T20:42:56.985Z expo:babel:exports Found assignment to module.exports or exports at 182
| 2025-10-23T20:42:56.985Z expo:babel:exports Found assignment to module.exports or exports at 20
| 2025-10-23T20:42:56.986Z expo:babel:exports Found assignment to module.exports or exports at 44
| 2025-10-23T20:42:57.008Z expo:babel:exports Found assignment to module.exports or exports at 4
2025-10-23T20:42:57.029Z expo:start:server:metro:multi-platform Skipping production module: ./cjs/react-is.production.min.js
| 2025-10-23T20:42:57.010Z expo:babel:exports Found assignment to module.exports or exports at 6
2025-10-23T20:42:57.058Z expo:start:server:metro:multi-platform Redirecting module "/expo-project/node_modules/react-native-web/dist/exports/BackHandler/index.js" to shim
| 2025-10-23T20:42:57.063Z expo:babel:exports Found assignment to module.exports or exports at 18
| 2025-10-23T20:42:57.065Z expo:babel:exports Found assignment to module.exports or exports at 81
| 2025-10-23T20:42:57.065Z expo:babel:exports Found assignment to module.exports or exports at 14
| 2025-10-23T20:42:57.068Z expo:babel:exports Found assignment to module.exports or exports at 12
| 2025-10-23T20:42:57.068Z expo:babel:exports Found assignment to module.exports or exports at 8
| 2025-10-23T20:42:57.074Z expo:babel:exports Found assignment to module.exports or exports at 4
| 2025-10-23T20:42:57.072Z expo:babel:exports Found assignment to module.exports or exports at 15
| 2025-10-23T20:42:57.072Z expo:babel:exports Found assignment to module.exports or exports at 10
| 2025-10-23T20:42:57.073Z expo:babel:exports Found assignment to module.exports or exports at 32
| 2025-10-23T20:42:57.076Z expo:babel:exports Found assignment to module.exports or exports at 11
| 2025-10-23T20:42:57.077Z expo:babel:exports Found assignment to module.exports or exports at 5
| 2025-10-23T20:42:57.079Z expo:babel:exports Found assignment to module.exports or exports at 215
| 2025-10-23T20:42:57.104Z expo:babel:exports Found assignment to module.exports or exports at 47
| 2025-10-23T20:42:57.104Z expo:babel:exports Found assignment to module.exports or exports at 6
| 2025-10-23T20:42:57.104Z expo:babel:exports Found assignment to module.exports or exports at 4
| 2025-10-23T20:42:57.105Z expo:babel:exports Found assignment to module.exports or exports at 4
| 2025-10-23T20:42:57.106Z expo:babel:exports Found assignment to module.exports or exports at 4
| 2025-10-23T20:42:57.114Z expo:babel:exports Found assignment to module.exports or exports at 4
| 2025-10-23T20:42:57.114Z expo:babel:exports Found assignment to module.exports or exports at 4
| 2025-10-23T20:42:57.115Z expo:babel:exports Found assignment to module.exports or exports at 4
| 2025-10-23T20:42:57.116Z expo:babel:exports Found assignment to module.exports or exports at 4
| 2025-10-23T20:42:57.116Z expo:babel:exports Found assignment to module.exports or exports at 4
| 2025-10-23T20:42:57.119Z expo:babel:exports Found assignment to module.exports or exports at 4
| 2025-10-23T20:42:57.120Z expo:babel:exports Found assignment to module.exports or exports at 4
| 2025-10-23T20:42:57.120Z expo:babel:exports Found assignment to module.exports or exports at 4
| 2025-10-23T20:42:57.120Z expo:babel:exports Found assignment to module.exports or exports at 4
| 2025-10-23T20:42:57.125Z expo:babel:exports Found assignment to module.exports or exports at 6
| 2025-10-23T20:42:57.125Z expo:babel:exports Found assignment to module.exports or exports at 15
| 2025-10-23T20:42:57.126Z expo:babel:exports Found assignment to module.exports or exports at 4
| 2025-10-23T20:42:57.126Z expo:babel:exports Found assignment to module.exports or exports at 7
| 2025-10-23T20:42:57.127Z expo:babel:exports Found assignment to module.exports or exports at 9
| 2025-10-23T20:42:57.127Z expo:babel:exports Found assignment to module.exports or exports at 6
| 2025-10-23T20:42:57.129Z expo:babel:exports Found assignment to module.exports or exports at 4
| 2025-10-23T20:42:57.129Z expo:babel:exports Found assignment to module.exports or exports at 4
| 2025-10-23T20:42:57.130Z expo:babel:exports Found assignment to module.exports or exports at 4
| 2025-10-23T20:42:57.129Z expo:babel:exports Found assignment to module.exports or exports at 5
| 2025-10-23T20:42:57.137Z expo:babel:exports Found assignment to module.exports or exports at 5
| 2025-10-23T20:42:57.137Z expo:babel:exports Found assignment to module.exports or exports at 8
| 2025-10-23T20:42:57.138Z expo:babel:exports Found assignment to module.exports or exports at 5
| 2025-10-23T20:42:57.138Z expo:babel:exports Found assignment to module.exports or exports at 8
| 2025-10-23T20:42:57.149Z expo:babel:exports Found assignment to module.exports or exports at 6
| 2025-10-23T20:42:57.149Z expo:babel:exports Found assignment to module.exports or exports at 44
| 2025-10-23T20:42:57.150Z expo:babel:exports Found assignment to module.exports or exports at 15
| 2025-10-23T20:42:57.153Z expo:babel:exports Found assignment to module.exports or exports at 101
| 2025-10-23T20:42:57.162Z expo:babel:exports Found assignment to module.exports or exports at 6
| 2025-10-23T20:42:57.163Z expo:babel:exports Found assignment to module.exports or exports at 192
| 2025-10-23T20:42:57.170Z expo:babel:exports Found assignment to module.exports or exports at 18
| 2025-10-23T20:42:57.179Z expo:babel:exports Found assignment to module.exports or exports at 10
| 2025-10-23T20:42:57.181Z expo:babel:exports Found assignment to module.exports or exports at 78
| 2025-10-23T20:42:57.181Z expo:babel:exports Found assignment to module.exports or exports at 319
| 2025-10-23T20:42:57.182Z expo:babel:exports Found assignment to module.exports or exports at 11
| 2025-10-23T20:42:57.183Z expo:babel:exports Found assignment to module.exports or exports at 5
| 2025-10-23T20:42:57.183Z expo:babel:exports Found assignment to module.exports or exports at 22
| 2025-10-23T20:42:57.187Z expo:babel:exports Found assignment to module.exports or exports at 122
| 2025-10-23T20:42:57.188Z expo:babel:exports Found assignment to module.exports or exports at 3
| 2025-10-23T20:42:57.188Z expo:babel:exports Found assignment to module.exports or exports at 8
| 2025-10-23T20:42:57.209Z expo:babel:exports Found assignment to module.exports or exports at 32
| 2025-10-23T20:42:57.277Z expo:babel:exports Found assignment to module.exports or exports at 42
| 2025-10-23T20:42:57.280Z expo:babel:exports Found assignment to module.exports or exports at 17
| 2025-10-23T20:42:57.283Z expo:babel:exports Found assignment to module.exports or exports at 11
| 2025-10-23T20:42:57.284Z expo:babel:exports Found assignment to module.exports or exports at 28
| 2025-10-23T20:42:57.286Z expo:babel:exports Found assignment to module.exports or exports at 4
| 2025-10-23T20:42:57.286Z expo:babel:exports Found assignment to module.exports or exports at 4
| 2025-10-23T20:42:57.286Z expo:babel:exports Found assignment to module.exports or exports at 136
| 2025-10-23T20:42:57.288Z expo:babel:exports Found assignment to exports at 9
2025-10-23T20:42:57.328Z expo:start:server:metro:multi-platform Skipping production module: ./cjs/scheduler.production.js
| 2025-10-23T20:42:57.289Z expo:babel:exports Found assignment to module.exports or exports at 23
| 2025-10-23T20:42:57.291Z expo:babel:exports Found assignment to module.exports or exports at 42
| 2025-10-23T20:42:57.305Z expo:babel:exports Found assignment to module.exports or exports at 6
| 2025-10-23T20:42:57.306Z expo:babel:exports Found assignment to module.exports or exports at 10
| 2025-10-23T20:42:57.307Z expo:babel:exports Found assignment to module.exports or exports at 7
| 2025-10-23T20:42:57.311Z expo:babel:exports Found assignment to module.exports or exports at 8
| 2025-10-23T20:42:57.313Z expo:babel:exports Found assignment to module.exports or exports at 52
| 2025-10-23T20:42:57.316Z expo:babel:exports Found assignment to module.exports or exports at 4
| 2025-10-23T20:42:57.319Z expo:babel:exports Found assignment to module.exports or exports at 4
| 2025-10-23T20:42:57.319Z expo:babel:exports Found assignment to module.exports or exports at 22
| 2025-10-23T20:42:57.319Z expo:babel:exports Found assignment to module.exports or exports at 1
| 2025-10-23T20:42:57.331Z expo:babel:exports Found assignment to module.exports or exports at 54
| 2025-10-23T20:42:57.332Z expo:babel:exports Found assignment to module.exports or exports at 4
| 2025-10-23T20:42:57.334Z expo:babel:exports Found assignment to module.exports or exports at 69
| 2025-10-23T20:42:57.338Z expo:babel:exports Found assignment to module.exports or exports at 80
| 2025-10-23T20:42:57.344Z expo:babel:exports Found assignment to module.exports or exports at 5
| 2025-10-23T20:42:57.345Z expo:babel:exports Found assignment to module.exports or exports at 5
| 2025-10-23T20:42:57.345Z expo:babel:exports Found assignment to module.exports or exports at 5
| 2025-10-23T20:42:57.345Z expo:babel:exports Found assignment to module.exports or exports at 5
| 2025-10-23T20:42:57.345Z expo:babel:exports Found assignment to module.exports or exports at 5
| 2025-10-23T20:42:57.349Z expo:babel:exports Found assignment to module.exports or exports at 182
| 2025-10-23T20:42:57.349Z expo:babel:exports Found assignment to module.exports or exports at 5
| 2025-10-23T20:42:57.357Z expo:babel:exports Found assignment to module.exports or exports at 7
2025-10-23T20:42:57.423Z expo:metro-config:serializer:env-var Injecting environment variables in virtual module.
Web Bundled 4780ms index.ts (1402 modules)
 LOG  [web] Logs will appear in the browser console
2025-10-23T20:42:59.120Z expo:start:server:middleware:manifest Resolved entry point: index.ts (project root: /expo-project)
2025-10-23T20:42:59.120Z expo:start:server:metro:router Using app as the root directory for Expo Router.
2025-10-23T20:43:01.203Z expo:start:server:middleware:manifest Resolved entry point: index.ts (project root: /expo-project)
2025-10-23T20:43:01.204Z expo:start:server:metro:router Using app as the root directory for Expo Router.
2025-10-23T20:43:03.305Z expo:start:server:middleware:manifest Resolved entry point: index.ts (project root: /expo-project)
2025-10-23T20:43:03.305Z expo:start:server:metro:router Using app as the root directory for Expo Router.
2025-10-23T20:43:05.401Z expo:start:server:middleware:manifest Resolved entry point: index.ts (project root: /expo-project)
2025-10-23T20:43:05.402Z expo:start:server:metro:router Using app as the root directory for Expo Router.
2025-10-23T20:43:07.498Z expo:start:server:middleware:manifest Resolved entry point: index.ts (project root: /expo-project)
2025-10-23T20:43:07.498Z expo:start:server:metro:router Using app as the root directory for Expo Router.
2025-10-23T20:43:09.596Z expo:start:server:middleware:manifest Resolved entry point: index.ts (project root: /expo-project)
2025-10-23T20:43:09.597Z expo:start:server:metro:router Using app as the root directory for Expo Router.
2025-10-23T20:43:11.699Z expo:start:server:middleware:manifest Resolved entry point: index.ts (project root: /expo-project)
2025-10-23T20:43:11.699Z expo:start:server:metro:router Using app as the root directory for Expo Router.
2025-10-23T20:43:13.792Z expo:start:server:middleware:manifest Resolved entry point: index.ts (project root: /expo-project)
2025-10-23T20:43:13.792Z expo:start:server:metro:router Using app as the root directory for Expo Router.
2025-10-23T20:43:15.888Z expo:start:server:middleware:manifest Resolved entry point: index.ts (project root: /expo-project)
2025-10-23T20:43:15.888Z expo:start:server:metro:router Using app as the root directory for Expo Router.
2025-10-23T20:43:17.975Z expo:start:server:middleware:manifest Resolved entry point: index.ts (project root: /expo-project)
2025-10-23T20:43:17.975Z expo:start:server:metro:router Using app as the root directory for Expo Router.
2025-10-23T20:43:20.073Z expo:start:server:middleware:manifest Resolved entry point: index.ts (project root: /expo-project)
2025-10-23T20:43:20.073Z expo:start:server:metro:router Using app as the root directory for Expo Router.
2025-10-23T20:43:22.164Z expo:start:server:middleware:manifest Resolved entry point: index.ts (project root: /expo-project)
2025-10-23T20:43:22.165Z expo:start:server:metro:router Using app as the root directory for Expo Router.
2025-10-23T20:43:24.267Z expo:start:server:middleware:manifest Resolved entry point: index.ts (project root: /expo-project)
2025-10-23T20:43:24.268Z expo:start:server:metro:router Using app as the root directory for Expo Router.
2025-10-23T20:43:26.391Z expo:start:server:middleware:manifest Resolved entry point: index.ts (project root: /expo-project)
2025-10-23T20:43:26.391Z expo:start:server:metro:router Using app as the root directory for Expo Router.
2025-10-23T20:43:28.498Z expo:start:server:middleware:manifest Resolved entry point: index.ts (project root: /expo-project)
2025-10-23T20:43:28.499Z expo:start:server:metro:router Using app as the root directory for Expo Router.
2025-10-23T20:43:30.602Z expo:start:server:middleware:manifest Resolved entry point: index.ts (project root: /expo-project)
2025-10-23T20:43:30.602Z expo:start:server:metro:router Using app as the root directory for Expo Router.
2025-10-23T20:43:32.694Z expo:start:server:middleware:manifest Resolved entry point: index.ts (project root: /expo-project)
2025-10-23T20:43:32.695Z expo:start:server:metro:router Using app as the root directory for Expo Router.
2025-10-23T20:43:34.774Z expo:start:server:middleware:manifest Resolved entry point: index.ts (project root: /expo-project)
2025-10-23T20:43:34.774Z expo:start:server:metro:router Using app as the root directory for Expo Router.
2025-10-23T20:43:36.865Z expo:start:server:middleware:manifest Resolved entry point: index.ts (project root: /expo-project)
2025-10-23T20:43:36.866Z expo:start:server:metro:router Using app as the root directory for Expo Router.
2025-10-23T20:43:38.965Z expo:start:server:middleware:manifest Resolved entry point: index.ts (project root: /expo-project)
2025-10-23T20:43:38.969Z expo:start:server:metro:router Using app as the root directory for Expo Router.
2025-10-23T20:43:41.063Z expo:start:server:middleware:manifest Resolved entry point: index.ts (project root: /expo-project)
2025-10-23T20:43:41.063Z expo:start:server:metro:router Using app as the root directory for Expo Router.
2025-10-23T20:43:43.181Z expo:start:server:middleware:manifest Resolved entry point: index.ts (project root: /expo-project)
2025-10-23T20:43:43.181Z expo:start:server:metro:router Using app as the root directory for Expo Router.
2025-10-23T20:43:45.279Z expo:start:server:middleware:manifest Resolved entry point: index.ts (project root: /expo-project)
2025-10-23T20:43:45.279Z expo:start:server:metro:router Using app as the root directory for Expo Router.
2025-10-23T20:43:47.385Z expo:start:server:middleware:manifest Resolved entry point: index.ts (project root: /expo-project)
2025-10-23T20:43:47.385Z expo:start:server:metro:router Using app as the root directory for Expo Router.
2025-10-23T20:43:49.489Z expo:start:server:middleware:manifest Resolved entry point: index.ts (project root: /expo-project)
2025-10-23T20:43:49.489Z expo:start:server:metro:router Using app as the root directory for Expo Router.
2025-10-23T20:43:51.578Z expo:start:server:middleware:manifest Resolved entry point: index.ts (project root: /expo-project)
2025-10-23T20:43:51.578Z expo:start:server:metro:router Using app as the root directory for Expo Router.
2025-10-23T20:43:53.681Z expo:start:server:middleware:manifest Resolved entry point: index.ts (project root: /expo-project)
2025-10-23T20:43:53.682Z expo:start:server:metro:router Using app as the root directory for Expo Router.
2025-10-23T20:43:55.766Z expo:start:server:middleware:manifest Resolved entry point: index.ts (project root: /expo-project)
2025-10-23T20:43:55.767Z expo:start:server:metro:router Using app as the root directory for Expo Router.
› Detected a change in metro.config.js. Restart the server to see the new results.
2025-10-23T20:43:57.881Z expo:start:server:middleware:manifest Resolved entry point: index.ts (project root: /expo-project)
2025-10-23T20:43:57.881Z expo:start:server:metro:router Using app as the root directory for Expo Router.
2025-10-23T20:43:59.984Z expo:start:server:middleware:manifest Resolved entry point: index.ts (project root: /expo-project)
2025-10-23T20:43:59.984Z expo:start:server:metro:router Using app as the root directory for Expo Router.
2025-10-23T20:44:02.111Z expo:start:server:middleware:manifest Resolved entry point: index.ts (project root: /expo-project)
2025-10-23T20:44:02.111Z expo:start:server:metro:router Using app as the root directory for Expo Router.
2025-10-23T20:44:04.204Z expo:start:server:middleware:manifest Resolved entry point: index.ts (project root: /expo-project)
2025-10-23T20:44:04.204Z expo:start:server:metro:router Using app as the root directory for Expo Router.
2025-10-23T20:44:06.308Z expo:start:server:middleware:manifest Resolved entry point: index.ts (project root: /expo-project)
2025-10-23T20:44:06.308Z expo:start:server:metro:router Using app as the root directory for Expo Router.
2025-10-23T20:44:08.412Z expo:start:server:middleware:manifest Resolved entry point: index.ts (project root: /expo-project)
2025-10-23T20:44:08.412Z expo:start:server:metro:router Using app as the root directory for Expo Router.
2025-10-23T20:44:08.532Z expo:start:server:metro:metroWatchTypeScriptFiles Detected TypeScript file changed in the project:  /expo-project/app/_layout.tsx
2025-10-23T20:44:10.520Z expo:start:server:middleware:manifest Resolved entry point: index.ts (project root: /expo-project)
2025-10-23T20:44:10.520Z expo:start:server:metro:router Using app as the root directory for Expo Router.
2025-10-23T20:44:12.621Z expo:start:server:middleware:manifest Resolved entry point: index.ts (project root: /expo-project)
2025-10-23T20:44:12.621Z expo:start:server:metro:router Using app as the root directory for Expo Router.
2025-10-23T20:44:14.722Z expo:start:server:middleware:manifest Resolved entry point: index.ts (project root: /expo-project)
2025-10-23T20:44:14.722Z expo:start:server:metro:router Using app as the root directory for Expo Router.
2025-10-23T20:44:16.822Z expo:start:server:middleware:manifest Resolved entry point: index.ts (project root: /expo-project)
2025-10-23T20:44:16.823Z expo:start:server:metro:router Using app as the root directory for Expo Router.
2025-10-23T20:44:18.930Z expo:start:server:middleware:manifest Resolved entry point: index.ts (project root: /expo-project)
2025-10-23T20:44:18.931Z expo:start:server:metro:router Using app as the root directory for Expo Router.
2025-10-23T20:44:21.040Z expo:start:server:middleware:manifest Resolved entry point: index.ts (project root: /expo-project)
2025-10-23T20:44:21.040Z expo:start:server:metro:router Using app as the root directory for Expo Router.
› Detected a change in babel.config.js. Restart the server to see the new results. You may need to clear the bundler cache with the --clear flag for your changes to take effect.
2025-10-23T20:44:23.129Z expo:start:server:middleware:manifest Resolved entry point: index.ts (project root: /expo-project)
2025-10-23T20:44:23.129Z expo:start:server:metro:router Using app as the root directory for Expo Router.
2025-10-23T20:44:25.279Z expo:start:server:middleware:manifest Resolved entry point: index.ts (project root: /expo-project)
2025-10-23T20:44:25.279Z expo:start:server:metro:router Using app as the root directory for Expo Router.
2025-10-23T20:44:27.387Z expo:start:server:middleware:manifest Resolved entry point: index.ts (project root: /expo-project)
2025-10-23T20:44:27.387Z expo:start:server:metro:router Using app as the root directory for Expo Router.
2025-10-23T20:44:29.488Z expo:start:server:middleware:manifest Resolved entry point: index.ts (project root: /expo-project)
2025-10-23T20:44:29.488Z expo:start:server:metro:router Using app as the root directory for Expo Router.
2025-10-23T20:44:31.585Z expo:start:server:middleware:manifest Resolved entry point: index.ts (project root: /expo-project)
2025-10-23T20:44:31.586Z expo:start:server:metro:router Using app as the root directory for Expo Router.
2025-10-23T20:44:33.677Z expo:start:server:middleware:manifest Resolved entry point: index.ts (project root: /expo-project)
2025-10-23T20:44:33.677Z expo:start:server:metro:router Using app as the root directory for Expo Router.
2025-10-23T20:44:35.762Z expo:start:server:middleware:manifest Resolved entry point: index.ts (project root: /expo-project)
2025-10-23T20:44:35.762Z expo:start:server:metro:router Using app as the root directory for Expo Router.
2025-10-23T20:44:37.856Z expo:start:server:middleware:manifest Resolved entry point: index.ts (project root: /expo-project)
2025-10-23T20:44:37.856Z expo:start:server:metro:router Using app as the root directory for Expo Router.
2025-10-23T20:44:39.952Z expo:start:server:middleware:manifest Resolved entry point: index.ts (project root: /expo-project)
2025-10-23T20:44:39.953Z expo:start:server:metro:router Using app as the root directory for Expo Router.
2025-10-23T20:44:42.035Z expo:start:server:middleware:manifest Resolved entry point: index.ts (project root: /expo-project)
2025-10-23T20:44:42.035Z expo:start:server:metro:router Using app as the root directory for Expo Router.
2025-10-23T20:44:44.118Z expo:start:server:middleware:manifest Resolved entry point: index.ts (project root: /expo-project)
2025-10-23T20:44:44.118Z expo:start:server:metro:router Using app as the root directory for Expo Router.
2025-10-23T20:44:46.224Z expo:start:server:middleware:manifest Resolved entry point: index.ts (project root: /expo-project)
2025-10-23T20:44:46.224Z expo:start:server:metro:router Using app as the root directory for Expo Router.
2025-10-23T20:44:48.325Z expo:start:server:middleware:manifest Resolved entry point: index.ts (project root: /expo-project)
2025-10-23T20:44:48.326Z expo:start:server:metro:router Using app as the root directory for Expo Router.
2025-10-23T20:44:50.424Z expo:start:server:middleware:manifest Resolved entry point: index.ts (project root: /expo-project)
2025-10-23T20:44:50.425Z expo:start:server:metro:router Using app as the root directory for Expo Router.
2025-10-23T20:44:52.511Z expo:start:server:middleware:manifest Resolved entry point: index.ts (project root: /expo-project)
2025-10-23T20:44:52.511Z expo:start:server:metro:router Using app as the root directory for Expo Router.
2025-10-23T20:44:53.656Z expo:start:server:metro:multi-platform Skipping production module: ./cjs/react.production.js
2025-10-23T20:44:53.665Z expo:start:server:metro:multi-platform Skipping production module: ./cjs/react-dom-client.production.js
2025-10-23T20:44:53.666Z expo:start:server:metro:multi-platform Skipping production module: ./cjs/react-dom.production.js
2025-10-23T20:44:53.666Z expo:start:server:metro:multi-platform Skipping production module: ./cjs/scheduler.production.js
2025-10-23T20:44:53.668Z expo:start:server:metro:multi-platform Skipping production module: ./cjs/react-jsx-dev-runtime.production.js
2025-10-23T20:44:53.805Z expo:start:server:metro:multi-platform Using React Navigation's web modal implementation.
2025-10-23T20:44:53.813Z expo:start:server:metro:multi-platform Skipping production module: ./cjs/react-jsx-runtime.production.js
2025-10-23T20:44:53.824Z expo:start:server:metro:multi-platform Skipping production module: ./cjs/react-is.production.js
2025-10-23T20:44:53.876Z expo:start:server:metro:multi-platform Redirecting module "/expo-project/node_modules/react-native-web/dist/exports/BackHandler/index.js" to shim
2025-10-23T20:44:53.879Z expo:start:server:metro:multi-platform Redirecting module "/expo-project/node_modules/react-native-web/dist/exports/BackHandler/index.js" to shim
2025-10-23T20:44:53.891Z expo:start:server:metro:multi-platform Redirecting module "/expo-project/node_modules/react-native-web/dist/exports/AppRegistry/AppContainer.js" to shim
2025-10-23T20:44:53.913Z expo:start:server:metro:multi-platform Skipping production module: ./cjs/react-refresh-runtime.production.min.js
2025-10-23T20:44:53.918Z expo:start:server:metro:multi-platform Skipping production module: ./cjs/react-is.production.min.js
2025-10-23T20:44:54.207Z expo:start:server:metro:multi-platform Skipping production module: ./cjs/react-is.production.min.js
2025-10-23T20:44:54.372Z expo:start:server:metro:metroWatchTypeScriptFiles Detected TypeScript file changed in the project:  /expo-project/index.ts
2025-10-23T20:44:54.607Z expo:start:server:middleware:manifest Resolved entry point: index.ts (project root: /expo-project)
2025-10-23T20:44:54.607Z expo:start:server:metro:router Using app as the root directory for Expo Router.
2025-10-23T20:44:54.694Z expo:start:server:middleware:serveStatic Maybe serve static: /auth
2025-10-23T20:44:54.703Z expo:start:server:middleware:manifest Resolved entry point: index.ts (project root: /expo-project)
2025-10-23T20:44:54.704Z expo:start:server:metro:router Using app as the root directory for Expo Router.
Web ./index.ts ░░░░░░░░░░░░░░░░  0.0% (0/1)
2025-10-23T20:44:54.867Z expo:metro-config:serializer:env-var Injecting environment variables in virtual module.
Web Bundled 39ms index.ts (1 module)
 LOG  [web] Logs will appear in the browser console
2025-10-23T20:44:56.692Z expo:start:server:middleware:manifest Resolved entry point: index.ts (project root: /expo-project)
2025-10-23T20:44:56.692Z expo:start:server:metro:router Using app as the root directory for Expo Router.
› Detected a change in babel.config.js. Restart the server to see the new results. You may need to clear the bundler cache with the --clear flag for your changes to take effect.
› Detected a change in metro.config.js. Restart the server to see the new results.
2025-10-23T20:44:58.795Z expo:start:server:middleware:manifest Resolved entry point: index.ts (project root: /expo-project)
2025-10-23T20:44:58.795Z expo:start:server:metro:router Using app as the root directory for Expo Router.
2025-10-23T20:45:00.881Z expo:start:server:middleware:manifest Resolved entry point: index.ts (project root: /expo-project)
2025-10-23T20:45:00.881Z expo:start:server:metro:router Using app as the root directory for Expo Router.
2025-10-23T20:45:02.986Z expo:start:server:middleware:manifest Resolved entry point: index.ts (project root: /expo-project)
2025-10-23T20:45:02.986Z expo:start:server:metro:router Using app as the root directory for Expo Router.
2025-10-23T20:45:05.099Z expo:start:server:middleware:manifest Resolved entry point: index.ts (project root: /expo-project)
2025-10-23T20:45:05.099Z expo:start:server:metro:router Using app as the root directory for Expo Router.
2025-10-23T20:45:07.204Z expo:start:server:middleware:manifest Resolved entry point: index.ts (project root: /expo-project)
2025-10-23T20:45:07.205Z expo:start:server:metro:router Using app as the root directory for Expo Router.
2025-10-23T20:45:09.302Z expo:start:server:middleware:manifest Resolved entry point: index.ts (project root: /expo-project)
2025-10-23T20:45:09.302Z expo:start:server:metro:router Using app as the root directory for Expo Router.
2025-10-23T20:45:11.396Z expo:start:server:middleware:manifest Resolved entry point: index.ts (project root: /expo-project)
2025-10-23T20:45:11.396Z expo:start:server:metro:router Using app as the root directory for Expo Router.
2025-10-23T20:45:13.506Z expo:start:server:middleware:manifest Resolved entry point: index.ts (project root: /expo-project)
2025-10-23T20:45:13.506Z expo:start:server:metro:router Using app as the root directory for Expo Router.
2025-10-23T20:45:15.606Z expo:start:server:middleware:manifest Resolved entry point: index.ts (project root: /expo-project)
2025-10-23T20:45:15.606Z expo:start:server:metro:router Using app as the root directory for Expo Router.
2025-10-23T20:45:17.732Z expo:start:server:middleware:manifest Resolved entry point: index.ts (project root: /expo-project)
2025-10-23T20:45:17.732Z expo:start:server:metro:router Using app as the root directory for Expo Router.
2025-10-23T20:45:19.840Z expo:start:server:middleware:manifest Resolved entry point: index.ts (project root: /expo-project)
2025-10-23T20:45:19.840Z expo:start:server:metro:router Using app as the root directory for Expo Router.
2025-10-23T20:45:22.001Z expo:start:server:middleware:manifest Resolved entry point: index.ts (project root: /expo-project)
2025-10-23T20:45:22.001Z expo:start:server:metro:router Using app as the root directory for Expo Router.
2025-10-23T20:45:24.109Z expo:start:server:middleware:manifest Resolved entry point: index.ts (project root: /expo-project)
2025-10-23T20:45:24.109Z expo:start:server:metro:router Using app as the root directory for Expo Router.
2025-10-23T20:45:26.220Z expo:start:server:middleware:manifest Resolved entry point: index.ts (project root: /expo-project)
2025-10-23T20:45:26.220Z expo:start:server:metro:router Using app as the root directory for Expo Router.
2025-10-23T20:45:28.347Z expo:start:server:middleware:manifest Resolved entry point: index.ts (project root: /expo-project)
2025-10-23T20:45:28.347Z expo:start:server:metro:router Using app as the root directory for Expo Router.
2025-10-23T20:45:30.475Z expo:start:server:middleware:manifest Resolved entry point: index.ts (project root: /expo-project)
2025-10-23T20:45:30.475Z expo:start:server:metro:router Using app as the root directory for Expo Router.
2025-10-23T20:45:32.586Z expo:start:server:middleware:manifest Resolved entry point: index.ts (project root: /expo-project)
2025-10-23T20:45:32.586Z expo:start:server:metro:router Using app as the root directory for Expo Router.
2025-10-23T20:45:34.678Z expo:start:server:middleware:manifest Resolved entry point: index.ts (project root: /expo-project)
2025-10-23T20:45:34.678Z expo:start:server:metro:router Using app as the root directory for Expo Router.
2025-10-23T20:45:36.765Z expo:start:server:middleware:manifest Resolved entry point: index.ts (project root: /expo-project)
2025-10-23T20:45:36.765Z expo:start:server:metro:router Using app as the root directory for Expo Router.
2025-10-23T20:45:38.864Z expo:start:server:middleware:manifest Resolved entry point: index.ts (project root: /expo-project)
2025-10-23T20:45:38.864Z expo:start:server:metro:router Using app as the root directory for Expo Router.
2025-10-23T20:45:40.967Z expo:start:server:middleware:manifest Resolved entry point: index.ts (project root: /expo-project)
2025-10-23T20:45:40.968Z expo:start:server:metro:router Using app as the root directory for Expo Router.
2025-10-23T20:45:43.072Z expo:start:server:middleware:manifest Resolved entry point: index.ts (project root: /expo-project)
2025-10-23T20:45:43.072Z expo:start:server:metro:router Using app as the root directory for Expo Router.
2025-10-23T20:45:45.173Z expo:start:server:middleware:manifest Resolved entry point: index.ts (project root: /expo-project)
2025-10-23T20:45:45.173Z expo:start:server:metro:router Using app as the root directory for Expo Router.
2025-10-23T20:45:47.281Z expo:start:server:middleware:manifest Resolved entry point: index.ts (project root: /expo-project)
2025-10-23T20:45:47.281Z expo:start:server:metro:router Using app as the root directory for Expo Router.
2025-10-23T20:45:49.385Z expo:start:server:middleware:manifest Resolved entry point: index.ts (project root: /expo-project)
2025-10-23T20:45:49.385Z expo:start:server:metro:router Using app as the root directory for Expo Router.
2025-10-23T20:45:51.500Z expo:start:server:middleware:manifest Resolved entry point: index.ts (project root: /expo-project)
2025-10-23T20:45:51.500Z expo:start:server:metro:router Using app as the root directory for Expo Router.
2025-10-23T20:45:53.587Z expo:start:server:middleware:manifest Resolved entry point: index.ts (project root: /expo-project)
2025-10-23T20:45:53.588Z expo:start:server:metro:router Using app as the root directory for Expo Router.
2025-10-23T20:45:55.693Z expo:start:server:middleware:manifest Resolved entry point: index.ts (project root: /expo-project)
2025-10-23T20:45:55.693Z expo:start:server:metro:router Using app as the root directory for Expo Router.
2025-10-23T20:45:57.791Z expo:start:server:middleware:manifest Resolved entry point: index.ts (project root: /expo-project)
2025-10-23T20:45:57.791Z expo:start:server:metro:router Using app as the root directory for Expo Router.
2025-10-23T20:45:59.905Z expo:start:server:middleware:manifest Resolved entry point: index.ts (project root: /expo-project)
2025-10-23T20:45:59.905Z expo:start:server:metro:router Using app as the root directory for Expo Router.
2025-10-23T20:46:02.006Z expo:start:server:middleware:manifest Resolved entry point: index.ts (project root: /expo-project)
2025-10-23T20:46:02.006Z expo:start:server:metro:router Using app as the root directory for Expo Router.
2025-10-23T20:46:04.110Z expo:start:server:middleware:manifest Resolved entry point: index.ts (project root: /expo-project)
2025-10-23T20:46:04.110Z expo:start:server:metro:router Using app as the root directory for Expo Router.
2025-10-23T20:46:06.206Z expo:start:server:middleware:manifest Resolved entry point: index.ts (project root: /expo-project)
2025-10-23T20:46:06.207Z expo:start:server:metro:router Using app as the root directory for Expo Router.
2025-10-23T20:46:08.314Z expo:start:server:middleware:manifest Resolved entry point: index.ts (project root: /expo-project)
2025-10-23T20:46:08.314Z expo:start:server:metro:router Using app as the root directory for Expo Router.
2025-10-23T20:46:10.399Z expo:start:server:middleware:manifest Resolved entry point: index.ts (project root: /expo-project)
2025-10-23T20:46:10.399Z expo:start:server:metro:router Using app as the root directory for Expo Router.
2025-10-23T20:46:12.513Z expo:start:server:middleware:manifest Resolved entry point: index.ts (project root: /expo-project)
2025-10-23T20:46:12.514Z expo:start:server:metro:router Using app as the root directory for Expo Router.
2025-10-23T20:46:14.611Z expo:start:server:middleware:manifest Resolved entry point: index.ts (project root: /expo-project)
2025-10-23T20:46:14.611Z expo:start:server:metro:router Using app as the root directory for Expo Router.
2025-10-23T20:46:16.713Z expo:start:server:middleware:manifest Resolved entry point: index.ts (project root: /expo-project)
2025-10-23T20:46:16.713Z expo:start:server:metro:router Using app as the root directory for Expo Router.
2025-10-23T20:46:18.817Z expo:start:server:middleware:manifest Resolved entry point: index.ts (project root: /expo-project)
2025-10-23T20:46:18.817Z expo:start:server:metro:router Using app as the root directory for Expo Router.
2025-10-23T20:46:20.917Z expo:start:server:middleware:manifest Resolved entry point: index.ts (project root: /expo-project)
2025-10-23T20:46:20.917Z expo:start:server:metro:router Using app as the root directory for Expo Router.
2025-10-23T20:46:23.016Z expo:start:server:middleware:manifest Resolved entry point: index.ts (project root: /expo-project)
2025-10-23T20:46:23.016Z expo:start:server:metro:router Using app as the root directory for Expo Router.
2025-10-23T20:46:25.098Z expo:start:server:middleware:manifest Resolved entry point: index.ts (project root: /expo-project)
2025-10-23T20:46:25.098Z expo:start:server:metro:router Using app as the root directory for Expo Router.
2025-10-23T20:46:27.199Z expo:start:server:middleware:manifest Resolved entry point: index.ts (project root: /expo-project)
2025-10-23T20:46:27.199Z expo:start:server:metro:router Using app as the root directory for Expo Router.
2025-10-23T20:46:29.299Z expo:start:server:middleware:manifest Resolved entry point: index.ts (project root: /expo-project)
2025-10-23T20:46:29.299Z expo:start:server:metro:router Using app as the root directory for Expo Router.
2025-10-23T20:46:31.408Z expo:start:server:middleware:manifest Resolved entry point: index.ts (project root: /expo-project)
2025-10-23T20:46:31.408Z expo:start:server:metro:router Using app as the root directory for Expo Router.
2025-10-23T20:46:33.509Z expo:start:server:middleware:manifest Resolved entry point: index.ts (project root: /expo-project)
2025-10-23T20:46:33.509Z expo:start:server:metro:router Using app as the root directory for Expo Router.
2025-10-23T20:46:35.616Z expo:start:server:middleware:manifest Resolved entry point: index.ts (project root: /expo-project)
2025-10-23T20:46:35.616Z expo:start:server:metro:router Using app as the root directory for Expo Router.
2025-10-23T20:46:37.712Z expo:start:server:middleware:manifest Resolved entry point: index.ts (project root: /expo-project)
2025-10-23T20:46:37.712Z expo:start:server:metro:router Using app as the root directory for Expo Router.
2025-10-23T20:46:39.817Z expo:start:server:middleware:manifest Resolved entry point: index.ts (project root: /expo-project)
2025-10-23T20:46:39.817Z expo:start:server:metro:router Using app as the root directory for Expo Router.
2025-10-23T20:46:41.921Z expo:start:server:middleware:manifest Resolved entry point: index.ts (project root: /expo-project)
2025-10-23T20:46:41.921Z expo:start:server:metro:router Using app as the root directory for Expo Router.
2025-10-23T20:46:44.010Z expo:start:server:middleware:manifest Resolved entry point: index.ts (project root: /expo-project)
2025-10-23T20:46:44.010Z expo:start:server:metro:router Using app as the root directory for Expo Router.
2025-10-23T20:46:46.110Z expo:start:server:middleware:manifest Resolved entry point: index.ts (project root: /expo-project)
2025-10-23T20:46:46.110Z expo:start:server:metro:router Using app as the root directory for Expo Router.
2025-10-23T20:46:48.226Z expo:start:server:middleware:manifest Resolved entry point: index.ts (project root: /expo-project)
2025-10-23T20:46:48.227Z expo:start:server:metro:router Using app as the root directory for Expo Router.
2025-10-23T20:46:50.326Z expo:start:server:middleware:manifest Resolved entry point: index.ts (project root: /expo-project)
2025-10-23T20:46:50.326Z expo:start:server:metro:router Using app as the root directory for Expo Router.
2025-10-23T20:46:52.420Z expo:start:server:middleware:manifest Resolved entry point: index.ts (project root: /expo-project)
2025-10-23T20:46:52.420Z expo:start:server:metro:router Using app as the root directory for Expo Router.
2025-10-23T20:46:54.523Z expo:start:server:middleware:manifest Resolved entry point: index.ts (project root: /expo-project)
2025-10-23T20:46:54.523Z expo:start:server:metro:router Using app as the root directory for Expo Router.
2025-10-23T20:46:56.627Z expo:start:server:middleware:manifest Resolved entry point: index.ts (project root: /expo-project)
2025-10-23T20:46:56.627Z expo:start:server:metro:router Using app as the root directory for Expo Router.
2025-10-23T20:46:58.725Z expo:start:server:middleware:manifest Resolved entry point: index.ts (project root: /expo-project)
2025-10-23T20:46:58.725Z expo:start:server:metro:router Using app as the root directory for Expo Router.
2025-10-23T20:47:00.822Z expo:start:server:middleware:manifest Resolved entry point: index.ts (project root: /expo-project)
2025-10-23T20:47:00.823Z expo:start:server:metro:router Using app as the root directory for Expo Router.
2025-10-23T20:47:02.922Z expo:start:server:middleware:manifest Resolved entry point: index.ts (project root: /expo-project)
2025-10-23T20:47:02.922Z expo:start:server:metro:router Using app as the root directory for Expo Router.
2025-10-23T20:47:05.000Z expo:start:server:middleware:manifest Resolved entry point: index.ts (project root: /expo-project)
2025-10-23T20:47:05.000Z expo:start:server:metro:router Using app as the root directory for Expo Router.
2025-10-23T20:47:07.088Z expo:start:server:middleware:manifest Resolved entry point: index.ts (project root: /expo-project)
2025-10-23T20:47:07.088Z expo:start:server:metro:router Using app as the root directory for Expo Router.
2025-10-23T20:47:09.189Z expo:start:server:middleware:manifest Resolved entry point: index.ts (project root: /expo-project)
2025-10-23T20:47:09.189Z expo:start:server:metro:router Using app as the root directory for Expo Router.
2025-10-23T20:47:11.295Z expo:start:server:middleware:manifest Resolved entry point: index.ts (project root: /expo-project)
2025-10-23T20:47:11.295Z expo:start:server:metro:router Using app as the root directory for Expo Router.
2025-10-23T20:47:13.390Z expo:start:server:middleware:manifest Resolved entry point: index.ts (project root: /expo-project)
2025-10-23T20:47:13.390Z expo:start:server:metro:router Using app as the root directory for Expo Router.
2025-10-23T20:47:15.482Z expo:start:server:middleware:manifest Resolved entry point: index.ts (project root: /expo-project)
2025-10-23T20:47:15.483Z expo:start:server:metro:router Using app as the root directory for Expo Router.
2025-10-23T20:47:17.582Z expo:start:server:middleware:manifest Resolved entry point: index.ts (project root: /expo-project)
2025-10-23T20:47:17.582Z expo:start:server:metro:router Using app as the root directory for Expo Router.
2025-10-23T20:47:19.662Z expo:start:server:middleware:manifest Resolved entry point: index.ts (project root: /expo-project)
2025-10-23T20:47:19.662Z expo:start:server:metro:router Using app as the root directory for Expo Router.
2025-10-23T20:47:21.765Z expo:start:server:middleware:manifest Resolved entry point: index.ts (project root: /expo-project)
2025-10-23T20:47:21.766Z expo:start:server:metro:router Using app as the root directory for Expo Router.
2025-10-23T20:47:23.858Z expo:start:server:middleware:manifest Resolved entry point: index.ts (project root: /expo-project)
2025-10-23T20:47:23.858Z expo:start:server:metro:router Using app as the root directory for Expo Router.
2025-10-23T20:47:25.955Z expo:start:server:middleware:manifest Resolved entry point: index.ts (project root: /expo-project)
2025-10-23T20:47:25.955Z expo:start:server:metro:router Using app as the root directory for Expo Router.
2025-10-23T20:47:28.059Z expo:start:server:middleware:manifest Resolved entry point: index.ts (project root: /expo-project)
2025-10-23T20:47:28.059Z expo:start:server:metro:router Using app as the root directory for Expo Router.
2025-10-23T20:47:30.151Z expo:start:server:middleware:manifest Resolved entry point: index.ts (project root: /expo-project)
2025-10-23T20:47:30.151Z expo:start:server:metro:router Using app as the root directory for Expo Router.
2025-10-23T20:47:32.251Z expo:start:server:middleware:manifest Resolved entry point: index.ts (project root: /expo-project)
2025-10-23T20:47:32.251Z expo:start:server:metro:router Using app as the root directory for Expo Router.
2025-10-23T20:47:34.347Z expo:start:server:middleware:manifest Resolved entry point: index.ts (project root: /expo-project)
2025-10-23T20:47:34.347Z expo:start:server:metro:router Using app as the root directory for Expo Router.
2025-10-23T20:47:36.446Z expo:start:server:middleware:manifest Resolved entry point: index.ts (project root: /expo-project)
2025-10-23T20:47:36.446Z expo:start:server:metro:router Using app as the root directory for Expo Router.
2025-10-23T20:47:38.548Z expo:start:server:middleware:manifest Resolved entry point: index.ts (project root: /expo-project)
2025-10-23T20:47:38.548Z expo:start:server:metro:router Using app as the root directory for Expo Router.
2025-10-23T20:47:40.646Z expo:start:server:middleware:manifest Resolved entry point: index.ts (project root: /expo-project)
2025-10-23T20:47:40.646Z expo:start:server:metro:router Using app as the root directory for Expo Router.
2025-10-23T20:47:42.745Z expo:start:server:middleware:manifest Resolved entry point: index.ts (project root: /expo-project)
2025-10-23T20:47:42.745Z expo:start:server:metro:router Using app as the root directory for Expo Router.
2025-10-23T20:47:44.888Z expo:start:server:middleware:manifest Resolved entry point: index.ts (project root: /expo-project)
2025-10-23T20:47:44.888Z expo:start:server:metro:router Using app as the root directory for Expo Router.
2025-10-23T20:47:46.994Z expo:start:server:middleware:manifest Resolved entry point: index.ts (project root: /expo-project)
2025-10-23T20:47:46.994Z expo:start:server:metro:router Using app as the root directory for Expo Router.
2025-10-23T20:47:49.100Z expo:start:server:middleware:manifest Resolved entry point: index.ts (project root: /expo-project)
2025-10-23T20:47:49.100Z expo:start:server:metro:router Using app as the root directory for Expo Router.
2025-10-23T20:47:51.203Z expo:start:server:middleware:manifest Resolved entry point: index.ts (project root: /expo-project)
2025-10-23T20:47:51.203Z expo:start:server:metro:router Using app as the root directory for Expo Router.
2025-10-23T20:47:53.289Z expo:start:server:middleware:manifest Resolved entry point: index.ts (project root: /expo-project)
2025-10-23T20:47:53.289Z expo:start:server:metro:router Using app as the root directory for Expo Router.
2025-10-23T20:47:55.381Z expo:start:server:middleware:manifest Resolved entry point: index.ts (project root: /expo-project)
2025-10-23T20:47:55.381Z expo:start:server:metro:router Using app as the root directory for Expo Router.
2025-10-23T20:47:57.481Z expo:start:server:middleware:manifest Resolved entry point: index.ts (project root: /expo-project)
2025-10-23T20:47:57.481Z expo:start:server:metro:router Using app as the root directory for Expo Router.
2025-10-23T20:47:59.589Z expo:start:server:middleware:manifest Resolved entry point: index.ts (project root: /expo-project)
2025-10-23T20:47:59.589Z expo:start:server:metro:router Using app as the root directory for Expo Router.
2025-10-23T20:48:01.702Z expo:start:server:middleware:manifest Resolved entry point: index.ts (project root: /expo-project)
2025-10-23T20:48:01.702Z expo:start:server:metro:router Using app as the root directory for Expo Router.
2025-10-23T20:48:03.801Z expo:start:server:middleware:manifest Resolved entry point: index.ts (project root: /expo-project)
2025-10-23T20:48:03.801Z expo:start:server:metro:router Using app as the root directory for Expo Router.
2025-10-23T20:48:05.905Z expo:start:server:middleware:manifest Resolved entry point: index.ts (project root: /expo-project)
2025-10-23T20:48:05.905Z expo:start:server:metro:router Using app as the root directory for Expo Router.
2025-10-23T20:48:08.229Z expo:start:server:middleware:manifest Resolved entry point: index.ts (project root: /expo-project)
2025-10-23T20:48:08.230Z expo:start:server:metro:router Using app as the root directory for Expo Router.
2025-10-23T20:48:10.354Z expo:start:server:middleware:manifest Resolved entry point: index.ts (project root: /expo-project)
2025-10-23T20:48:10.354Z expo:start:server:metro:router Using app as the root directory for Expo Router.
2025-10-23T20:48:12.465Z expo:start:server:middleware:manifest Resolved entry point: index.ts (project root: /expo-project)
2025-10-23T20:48:12.465Z expo:start:server:metro:router Using app as the root directory for Expo Router.
2025-10-23T20:48:14.561Z expo:start:server:middleware:manifest Resolved entry point: index.ts (project root: /expo-project)
2025-10-23T20:48:14.562Z expo:start:server:metro:router Using app as the root directory for Expo Router.
2025-10-23T20:48:16.673Z expo:start:server:middleware:manifest Resolved entry point: index.ts (project root: /expo-project)
2025-10-23T20:48:16.673Z expo:start:server:metro:router Using app as the root directory for Expo Router.
2025-10-23T20:48:18.772Z expo:start:server:middleware:manifest Resolved entry point: index.ts (project root: /expo-project)
2025-10-23T20:48:18.772Z expo:start:server:metro:router Using app as the root directory for Expo Router.
2025-10-23T20:48:19.502Z expo:start:server:middleware:manifest Resolved entry point: index.ts (project root: /expo-project)
2025-10-23T20:48:19.502Z expo:start:server:metro:router Using app as the root directory for Expo Router.
Web ./index.ts ░░░░░░░░░░░░░░░░  0.0% (0/1)
2025-10-23T20:48:19.663Z expo:metro-config:serializer:env-var Injecting environment variables in virtual module.
Web Bundled 68ms index.ts (1 module)
2025-10-23T20:48:20.861Z expo:start:server:middleware:manifest Resolved entry point: index.ts (project root: /expo-project)
2025-10-23T20:48:20.861Z expo:start:server:metro:router Using app as the root directory for Expo Router.
 LOG  [web] Logs will appear in the browser console
2025-10-23T20:48:22.967Z expo:start:server:middleware:manifest Resolved entry point: index.ts (project root: /expo-project)
2025-10-23T20:48:22.967Z expo:start:server:metro:router Using app as the root directory for Expo Router.
2025-10-23T20:48:25.075Z expo:start:server:middleware:manifest Resolved entry point: index.ts (project root: /expo-project)
2025-10-23T20:48:25.075Z expo:start:server:metro:router Using app as the root directory for Expo Router.
2025-10-23T20:48:27.174Z expo:start:server:middleware:manifest Resolved entry point: index.ts (project root: /expo-project)
2025-10-23T20:48:27.174Z expo:start:server:metro:router Using app as the root directory for Expo Router.
2025-10-23T20:48:29.283Z expo:start:server:middleware:manifest Resolved entry point: index.ts (project root: /expo-project)
2025-10-23T20:48:29.283Z expo:start:server:metro:router Using app as the root directory for Expo Router.
2025-10-23T20:48:31.402Z expo:start:server:middleware:manifest Resolved entry point: index.ts (project root: /expo-project)
2025-10-23T20:48:31.402Z expo:start:server:metro:router Using app as the root directory for Expo Router.
